<?xml version="1.0" encoding="UTF-8"?>
<!-- Generated by org.testng.reporters.JUnitReportReporter -->
<testsuite hostname="Pooja" failures="0" tests="1" name="com.keywordFWTestcase.TC002" time="47.236" errors="0" timestamp="2024-12-28T23:40:08 IST" skipped="0">
  <testcase classname="com.keywordFWTestcase.TC002" name="TC002_InValidate" time="47.236"/>
  <system-out/>
</testsuite> <!-- com.keywordFWTestcase.TC002 -->
