<?xml version="1.0" encoding="UTF-8"?>
<!-- Generated by org.testng.reporters.JUnitReportReporter -->
<testsuite hostname="Pooja" failures="0" tests="1" name="com.keywordFWTestcase.TC005_WishList" time="13.257" errors="0" timestamp="2025-01-15T21:18:13 IST" skipped="0">
  <testcase classname="com.keywordFWTestcase.TC005_WishList" name="tc_AddTo_Wishlist" time="13.257"/>
  <system-out/>
</testsuite> <!-- com.keywordFWTestcase.TC005_WishList -->
