<?xml version="1.0" encoding="UTF-8"?>
<!-- Generated by org.testng.reporters.JUnitReportReporter -->
<testsuite hostname="Pooja" failures="0" tests="1" name="com.keywordFWTestcase.TC_Module1" time="16.218" errors="0" timestamp="2024-12-11T12:30:31 IST" skipped="0">
  <testcase classname="com.keywordFWTestcase.TC_Module1" name="tc_01" time="16.218"/>
  <system-out/>
</testsuite> <!-- com.keywordFWTestcase.TC_Module1 -->
