<?xml version="1.0" encoding="UTF-8"?>
<!-- Generated by org.testng.reporters.JUnitReportReporter -->
<testsuite hostname="Pooja" failures="0" tests="1" name="com.keywordFWTestcase.Cart5_TC009" time="16.270" errors="0" timestamp="2025-01-15T20:43:06 IST" skipped="0">
  <testcase classname="com.keywordFWTestcase.Cart5_TC009" name="Addtocart" time="16.270"/>
  <system-out/>
</testsuite> <!-- com.keywordFWTestcase.Cart5_TC009 -->
