<?xml version="1.0" encoding="UTF-8"?>
<!-- Generated by org.testng.reporters.JUnitReportReporter -->
<testsuite hostname="Pooja" failures="0" tests="1" name="com.keywordFWTestcase.TC_WishList" time="12.816" errors="0" timestamp="2024-12-24T17:54:24 IST" skipped="0">
  <testcase classname="com.keywordFWTestcase.TC_WishList" name="tc_01" time="12.816"/>
  <system-out/>
</testsuite> <!-- com.keywordFWTestcase.TC_WishList -->
