<?xml version="1.0" encoding="UTF-8"?>
<!-- Generated by org.testng.reporters.JUnitReportReporter -->
<testsuite hostname="Pooja" failures="0" tests="1" name="com.keywordFWTestcase.tc_One" time="7.266" errors="0" timestamp="2024-11-25T13:44:21 IST" skipped="0">
  <testcase classname="com.keywordFWTestcase.tc_One" name="tc_01" time="7.266"/>
</testsuite> <!-- com.keywordFWTestcase.tc_One -->
