<?xml version="1.0" encoding="UTF-8"?>
<!-- Generated by org.testng.reporters.JUnitReportReporter -->
<testsuite hostname="Pooja" failures="0" tests="1" name="com.keywordFWTestcase.UserRegistration" time="114.620" errors="0" timestamp="2024-12-25T13:36:52 IST" skipped="0">
  <testcase classname="com.keywordFWTestcase.UserRegistration" name="TC002_ValidateFormSubmission" time="114.620"/>
  <system-out/>
</testsuite> <!-- com.keywordFWTestcase.UserRegistration -->
